<?xml version="1.0" encoding="UTF-8"?>
<testng-results skipped="0" failed="0" total="1" passed="1">
  <reporter-output>
  </reporter-output>
  <suite name="Default suite" duration-ms="3564" started-at="2020-04-21T09:56:46Z" finished-at="2020-04-21T09:56:49Z">
    <groups>
    </groups>
    <test name="Default test" duration-ms="3564" started-at="2020-04-21T09:56:46Z" finished-at="2020-04-21T09:56:49Z">
      <class name="com.rest.jsonserver.SchemaValidation">
        <test-method status="PASS" signature="getAllResources()[pri:0, instance:com.rest.jsonserver.SchemaValidation@482f8f11]" name="getAllResources" duration-ms="3531" started-at="2020-04-21T15:26:46Z" finished-at="2020-04-21T15:26:49Z">
          <reporter-output>
          </reporter-output>
        </test-method> <!-- getAllResources -->
      </class> <!-- com.rest.jsonserver.SchemaValidation -->
    </test> <!-- Default test -->
  </suite> <!-- Default suite -->
</testng-results>
